-------------------------------------------------------------------------------
Test set: com.regulatory.service.MessageReceiverServiceTest
-------------------------------------------------------------------------------
Tests run: 1, Failures: 0, Errors: 1, Skipped: 0, Time elapsed: 0.001 s <<< FAILURE! - in com.regulatory.service.MessageReceiverServiceTest
initializationError(com.regulatory.service.MessageReceiverServiceTest)  Time elapsed: 0 s  <<< ERROR!
java.lang.Exception: Method receiveMessage() should be public

